This is LuaTeX, Version 1.10.0 (TeX Live 2019)  (format=lualatex 2019.5.8)  2 APR 2020 10:43
 restricted system commands enabled.
 file:line:error style messages enabled.
**mcdowellcv.cls
(./mcdowellcv.cls
LaTeX2e <2018-12-01>
Lua module: luaotfload-main 2019-02-14 2.96 luaotfload entry point
Lua module: luaotfload-init 2019-02-14 2.96 luaotfload submodule / initializatio
n
Lua module: lualibs 2019-02-14 2.64 ConTeXt Lua standard libraries.
Lua module: lualibs-extended 2019-02-14 2.64 ConTeXt Lua libraries -- extended c
ollection.
Lua module: luaotfload-log 2019-02-14 2.96 luaotfload submodule / logging
Lua module: luaotfload-parsers 2019-02-14 2.96 luaotfload submodule / filelist
Lua module: luaotfload-configuration 2019-02-14 2.96 luaotfload submodule / conf
ig file reader
luaotfload | conf : Root cache directory is /Users/abradfie/Library/texlive/2019
/texmf-var/luatex-cache/generic/names.
luaotfload | init : Loading fontloader “fontloader-2019-02-14.lua” from kpse
-resolved path “/usr/local/texlive/2019/texmf-dist/tex/luatex/luaotfload/fontl
oader-2019-02-14.lua”.
Lua-only attribute luaotfload@state = 2
Lua-only attribute luaotfload@noligature = 3
Lua-only attribute luaotfload@syllabe = 4
luaotfload | init : Context OpenType loader version “3.107”
Inserting `luaotfload.node_processor' at position 1 in `pre_linebreak_filter'.
Inserting `luaotfload.node_processor' at position 1 in `hpack_filter'.
Lua module: luaotfload-loaders 2019-02-14 2.96 luaotfload submodule / callback h
andling
Inserting `luaotfload.define_font' at position 1 in `define_font'.
Lua module: luaotfload-database 2019-02-14 2.96 luaotfload submodule / database
Lua module: luaotfload-colors 2019-02-14 2.96 luaotfload submodule / color
Lua-only attribute luaotfload_color_attribute = 5
Lua module: luaotfload-resolvers 2019-02-14 2.96 luaotfload submodule / resolver
s
luaotfload | conf : Root cache directory is /Users/abradfie/Library/texlive/2019
/texmf-var/luatex-cache/generic/names.
Lua module: luaotfload-features 2019-02-14 2.96 luaotfload submodule / features
Lua module: luaotfload-letterspace 2019-02-14 2.96 luaotfload submodule / color
Lua module: luaotfload-auxiliary 2019-02-14 2.96 luaotfload submodule / auxiliar
y functions
Inserting `luaotfload.aux.set_sscale_dimens' at position 1 in `luaotfload.patch_
font'.
Inserting `luaotfload.aux.patch_cambria_domh' at position 2 in `luaotfload.patch
_font'.
Inserting `luaotfload.aux.fixup_fontdata' at position 1 in `luaotfload.patch_fon
t_unsafe'.
Inserting `luaotfload.aux.set_capheight' at position 3 in `luaotfload.patch_font
'.
Inserting `luaotfload.rewrite_fontname' at position 4 in `luaotfload.patch_font'
.
luaotfload | main : initialization completed in 0.053 seconds

LaTeX Warning: You have requested package `',
               but the package provides `mcdowellcv'.

Package: mcdowellcv 2017/06/18 v1.2.0 McDowell CV class
(/usr/local/texlive/2019/texmf-dist/tex/latex/base/article.cls
Document Class: article 2018/09/03 v1.4i Standard LaTeX document class
(/usr/local/texlive/2019/texmf-dist/tex/latex/base/size11.clo
File: size11.clo 2018/09/03 v1.4i Standard LaTeX file (size option)
luaotfload | db : Font names database loaded from /Users/abradfie/Library/texliv
e/2019/texmf-var/luatex-cache/generic/names/luaotfload-names.luc)
\c@part=\count80
\c@section=\count81
\c@subsection=\count82
\c@subsubsection=\count83
\c@paragraph=\count84
\c@subparagraph=\count85
\c@figure=\count86
\c@table=\count87
\abovecaptionskip=\skip41
\belowcaptionskip=\skip42
\bibindent=\dimen102
)

./mcdowellcv.cls:38: LaTeX Error: \usepackage before \documentclass.

See the LaTeX manual or LaTeX Companion for explanation.
Type  H <return>  for immediate help.
 ...                                              
                                                  
l.38 ...0.75in,top=0.6in,right=0.75in,bottom=0.6in]{
                                                  geometry}
? 
./mcdowellcv.cls:38: Emergency stop.
 ...                                              
                                                  
l.38 ...0.75in,top=0.6in,right=0.75in,bottom=0.6in]{
                                                  geometry}
\usepackage may only appear in the document preamble, i.e.,
between \documentclass and \begin{document}.



Here is how much of LuaTeX's memory you used:
 211 strings out of 494291
 100000,106986 words of node,token memory allocated 346 words of node memory still in use:
   1 hlist, 1 rule, 1 dir, 3 kern, 1 glyph, 3 attribute, 44 glue_spec, 3 attribu
te_list, 1 write nodes
   avail lists: 2:8,3:1,4:1,5:1,7:2,9:3
 4554 multiletter control sequences out of 65536+600000
 15 fonts using 723495 bytes
 22i,0n,20p,115b,40s stack positions out of 5000i,500n,10000p,200000b,100000s
./mcdowellcv.cls:38:  ==> Fatal error occurred, no output PDF file produced!
